This is pdfTeX, Version 3.1415926-2.5-1.40.14 (TeX Live 2013/Debian) (format=pdftex 2016.7.5)  5 JUL 2016 18:10
entering extended mode
 restricted \write18 enabled.
 %&-line parsing enabled.
**Master-Project.tex
(./Master-Project.tex
! Undefined control sequence.
l.13 \documentclass
                   {article}
? 
! Undefined control sequence.
l.17     \usepackage
                    {graphicx} % Used to insert images
? 
! Undefined control sequence.
l.18     \usepackage
                    {adjustbox} % Used to constrain images to a maximum size
? 
! Undefined control sequence.
l.19     \usepackage
                    {color} % Allow colors to be defined
? 
! Undefined control sequence.
l.20     \usepackage
                    {enumerate} % Needed for markdown enumerations to work
? 
! Undefined control sequence.
l.21     \usepackage
                    {geometry} % Used to adjust the document margins
? 
! Undefined control sequence.
l.22     \usepackage
                    {amsmath} % Equations
? 
! Undefined control sequence.
l.23     \usepackage
                    {amssymb} % Equations
? 
! Undefined control sequence.
l.24     \usepackage
                    {eurosym} % defines \euro
? 
! Undefined control sequence.
l.25     \usepackage
                    [mathletters]{ucs} % Extended unicode (utf-8) support
? 
! Undefined control sequence.
l.26     \usepackage
                    [utf8x]{inputenc} % Allow utf-8 characters in the tex do...

? 
! Undefined control sequence.
l.27     \usepackage
                    {fancyvrb} % verbatim replacement that allows latex
? 
! Undefined control sequence.
l.28     \usepackage
                    {grffile} % extends the file name processing of package ...

? 
! Undefined control sequence.
l.33     \usepackage
                    {hyperref}
? 
! Undefined control sequence.
l.34     \usepackage
                    {longtable} % longtable support required by pandoc >1.10
? 
! Undefined control sequence.
l.35     \usepackage
                    {booktabs}  % table support for pandoc > 1.12.2
? 
! Undefined control sequence.
l.36     \usepackage
                    {ulem} % ulem is needed to support strikethroughs (\sout)
? 

Overfull \hbox (9.69043pt too wide) in paragraph at lines 17--37
[]\tenrm graphicx ad-just-box color enu-mer-ate ge-om-e-try ams-math amssymb eu
-rosym [math-let-ters]ucs [utf8x]inputenc|

\hbox(7.5+2.5)x469.75499, glue set - 1.0
.\hbox(0.0+0.0)x20.0
.\tenrm g
.\tenrm r
.\tenrm a
.\tenrm p
.etc.

! Undefined control sequence.
l.41     \definecolor
                     {orange}{cmyk}{0,0.4,0.8,0.2}
? 
! Undefined control sequence.
l.42     \definecolor
                     {darkorange}{rgb}{.71,0.21,0.01}
? 
! Undefined control sequence.
l.43     \definecolor
                     {darkgreen}{rgb}{.12,.54,.11}
? 
! Undefined control sequence.
l.44     \definecolor
                     {myteal}{rgb}{.26, .44, .56}
? 
! Undefined control sequence.
l.45     \definecolor
                     {gray}{gray}{0.45}
? 
! Undefined control sequence.
l.46     \definecolor
                     {lightgray}{gray}{.95}
? 
! Undefined control sequence.
l.47     \definecolor
                     {mediumgray}{gray}{.8}
? 
! Undefined control sequence.
l.48     \definecolor
                     {inputbackground}{rgb}{.95, .95, .85}
? 
! Undefined control sequence.
l.49     \definecolor
                     {outputbackground}{rgb}{.95, .95, .95}
? 
! Undefined control sequence.
l.50     \definecolor
                     {traceback}{rgb}{1, .95, .95}
? 
! Undefined control sequence.
l.52     \definecolor
                     {red}{rgb}{.6,0,0}
? 
! Undefined control sequence.
l.53     \definecolor
                     {green}{rgb}{0,.65,0}
? 
! Undefined control sequence.
l.54     \definecolor
                     {brown}{rgb}{0.6,0.6,0}
? 
! Undefined control sequence.
l.55     \definecolor
                     {blue}{rgb}{0,.145,.698}
? 
! Undefined control sequence.
l.56     \definecolor
                     {purple}{rgb}{.698,.145,.698}
? 
! Undefined control sequence.
l.57     \definecolor
                     {cyan}{rgb}{0,.698,.698}
? 
! Undefined control sequence.
l.58     \definecolor
                     {lightgray}{gray}{0.5}
? 

Overfull \hbox (29.3018pt too wide) in paragraph at lines 41--59
[]\tenrm orangecmyk0,0.4,0.8,0.2 dark-o-r-angergb.71,0.21,0.01 dark-green-rgb.1
2,.54,.11 myteal-rgb.26, .44, .56 graygray0.45|

\hbox(6.94444+1.94444)x469.75499, glue set - 1.0
.\hbox(0.0+0.0)x20.0
.\tenrm o
.\tenrm r
.\tenrm a
.\tenrm n
.etc.

! Undefined control sequence.
l.61     \definecolor
                     {darkgray}{gray}{0.25}
? 
! Undefined control sequence.
l.62     \definecolor
                     {lightred}{rgb}{1.0,0.39,0.28}
? 
! Undefined control sequence.
l.63     \definecolor
                     {lightgreen}{rgb}{0.48,0.99,0.0}
? 
! Undefined control sequence.
l.64     \definecolor
                     {lightblue}{rgb}{0.53,0.81,0.92}
? 
! Undefined control sequence.
l.65     \definecolor
                     {lightpurple}{rgb}{0.87,0.63,0.87}
? 
! Undefined control sequence.
l.66     \definecolor
                     {lightcyan}{rgb}{0.5,1.0,0.83}
? 
! Undefined control sequence.
l.70     \providecommand
                        {\tightlist}{%
? 
! Undefined control sequence.
l.70     \providecommand{\tightlist
                                   }{%
? 
! Undefined control sequence.
l.71       \setlength
                     {\itemsep}{0pt}\setlength{\parskip}{0pt}}
? 
! Undefined control sequence.
l.71       \setlength{\itemsep
                              }{0pt}\setlength{\parskip}{0pt}}
? 
! Undefined control sequence.
l.71       \setlength{\itemsep}{0pt}\setlength
                                              {\parskip}{0pt}}
? 
! Missing number, treated as zero.
<to be read again> 
                   }
l.71 ...tlength{\itemsep}{0pt}\setlength{\parskip}
                                                  {0pt}}
? 
! Illegal unit of measure (pt inserted).
<to be read again> 
                   }
l.71 ...tlength{\itemsep}{0pt}\setlength{\parskip}
                                                  {0pt}}
? 
! Undefined control sequence.
l.72     \DefineVerbatimEnvironment
                                   {Highlighting}{Verbatim}{commandchars=\\\...

? 
! Argument of \\ has an extra }.
<inserted text> 
                \par 
<to be read again> 
                   }
l.72 ...ghlighting}{Verbatim}{commandchars=\\\{\}}
                                                  
? 
Runaway argument?
\{\}
! Paragraph ended before \\ was complete.
<to be read again> 
                   \par 
<to be read again> 
                   }
l.72 ...ghlighting}{Verbatim}{commandchars=\\\{\}}
                                                  
? 
! Undefined control sequence.
l.74     \newenvironment
                        {Shaded}{}{}
? 
! Undefined control sequence.
l.75     \newcommand
                    {\KeywordTok}[1]{\textcolor[rgb]{0.00,0.44,0.13}{\textbf...

? 
! Undefined control sequence.
l.75     \newcommand{\KeywordTok
                                }[1]{\textcolor[rgb]{0.00,0.44,0.13}{\textbf...

? 
! Undefined control sequence.
l.75     \newcommand{\KeywordTok}[1]{\textcolor
                                               [rgb]{0.00,0.44,0.13}{\textbf...

? 
! Undefined control sequence.
l.75 ...1]{\textcolor[rgb]{0.00,0.44,0.13}{\textbf
                                                  {{#1}}}}
? 
! You can't use `macro parameter character #' in horizontal mode.
l.75 ...\textcolor[rgb]{0.00,0.44,0.13}{\textbf{{#
                                                  1}}}}
? 
! Undefined control sequence.
l.76     \newcommand
                    {\DataTypeTok}[1]{\textcolor[rgb]{0.56,0.13,0.00}{{#1}}}
? 
! Undefined control sequence.
l.76     \newcommand{\DataTypeTok
                                 }[1]{\textcolor[rgb]{0.56,0.13,0.00}{{#1}}}
? 
! Undefined control sequence.
l.76     \newcommand{\DataTypeTok}[1]{\textcolor
                                                [rgb]{0.56,0.13,0.00}{{#1}}}
? 
! You can't use `macro parameter character #' in horizontal mode.
l.76 ...Tok}[1]{\textcolor[rgb]{0.56,0.13,0.00}{{#
                                                  1}}}
? 
! Undefined control sequence.
l.77     \newcommand
                    {\DecValTok}[1]{\textcolor[rgb]{0.25,0.63,0.44}{{#1}}}
? 
! Undefined control sequence.
l.77     \newcommand{\DecValTok
                               }[1]{\textcolor[rgb]{0.25,0.63,0.44}{{#1}}}
? 
! Undefined control sequence.
l.77     \newcommand{\DecValTok}[1]{\textcolor
                                              [rgb]{0.25,0.63,0.44}{{#1}}}
? 
! You can't use `macro parameter character #' in horizontal mode.
l.77 ...Tok}[1]{\textcolor[rgb]{0.25,0.63,0.44}{{#
                                                  1}}}
? 
! Undefined control sequence.
l.78     \newcommand
                    {\BaseNTok}[1]{\textcolor[rgb]{0.25,0.63,0.44}{{#1}}}
? 
! Undefined control sequence.
l.78     \newcommand{\BaseNTok
                              }[1]{\textcolor[rgb]{0.25,0.63,0.44}{{#1}}}
? 
! Undefined control sequence.
l.78     \newcommand{\BaseNTok}[1]{\textcolor
                                             [rgb]{0.25,0.63,0.44}{{#1}}}
? 
! You can't use `macro parameter character #' in horizontal mode.
l.78 ...Tok}[1]{\textcolor[rgb]{0.25,0.63,0.44}{{#
                                                  1}}}
? 
! Undefined control sequence.
l.79     \newcommand
                    {\FloatTok}[1]{\textcolor[rgb]{0.25,0.63,0.44}{{#1}}}
? 
! Undefined control sequence.
l.79     \newcommand{\FloatTok
                              }[1]{\textcolor[rgb]{0.25,0.63,0.44}{{#1}}}
? 
! Undefined control sequence.
l.79     \newcommand{\FloatTok}[1]{\textcolor
                                             [rgb]{0.25,0.63,0.44}{{#1}}}
? 
! You can't use `macro parameter character #' in horizontal mode.
l.79 ...Tok}[1]{\textcolor[rgb]{0.25,0.63,0.44}{{#
                                                  1}}}
? 
! Undefined control sequence.
l.80     \newcommand
                    {\CharTok}[1]{\textcolor[rgb]{0.25,0.44,0.63}{{#1}}}
? 
! Undefined control sequence.
l.80     \newcommand{\CharTok
                             }[1]{\textcolor[rgb]{0.25,0.44,0.63}{{#1}}}
? 
! Undefined control sequence.
l.80     \newcommand{\CharTok}[1]{\textcolor
                                            [rgb]{0.25,0.44,0.63}{{#1}}}
? 
! You can't use `macro parameter character #' in horizontal mode.
l.80 ...Tok}[1]{\textcolor[rgb]{0.25,0.44,0.63}{{#
                                                  1}}}
? 
! Undefined control sequence.
l.81     \newcommand
                    {\StringTok}[1]{\textcolor[rgb]{0.25,0.44,0.63}{{#1}}}
? 
! Undefined control sequence.
l.81     \newcommand{\StringTok
                               }[1]{\textcolor[rgb]{0.25,0.44,0.63}{{#1}}}
? 
! Undefined control sequence.
l.81     \newcommand{\StringTok}[1]{\textcolor
                                              [rgb]{0.25,0.44,0.63}{{#1}}}
? 
! You can't use `macro parameter character #' in horizontal mode.
l.81 ...Tok}[1]{\textcolor[rgb]{0.25,0.44,0.63}{{#
                                                  1}}}
? 
! Undefined control sequence.
l.82     \newcommand
                    {\CommentTok}[1]{\textcolor[rgb]{0.38,0.63,0.69}{\textit...

? 
! Undefined control sequence.
l.82     \newcommand{\CommentTok
                                }[1]{\textcolor[rgb]{0.38,0.63,0.69}{\textit...

? 
! Undefined control sequence.
l.82     \newcommand{\CommentTok}[1]{\textcolor
                                               [rgb]{0.38,0.63,0.69}{\textit...

? 
! Undefined control sequence.
l.82 ...1]{\textcolor[rgb]{0.38,0.63,0.69}{\textit
                                                  {{#1}}}}
? 
! You can't use `macro parameter character #' in horizontal mode.
l.82 ...\textcolor[rgb]{0.38,0.63,0.69}{\textit{{#
                                                  1}}}}
? 
! Undefined control sequence.
l.83     \newcommand
                    {\OtherTok}[1]{\textcolor[rgb]{0.00,0.44,0.13}{{#1}}}
? 
! Undefined control sequence.
l.83     \newcommand{\OtherTok
                              }[1]{\textcolor[rgb]{0.00,0.44,0.13}{{#1}}}
? 
! Undefi